<?xml version="1.0" encoding="UTF-8"?>
<testng-results skipped="0" failed="0" ignored="0" total="2" passed="2">
  <reporter-output>
  </reporter-output>
  <suite name="Default suite" duration-ms="20180" started-at="2022-08-29T11:39:42 IST" finished-at="2022-08-29T11:40:02 IST">
    <groups>
    </groups>
    <test name="Default test" duration-ms="20180" started-at="2022-08-29T11:39:42 IST" finished-at="2022-08-29T11:40:02 IST">
      <class name="Mytests.Homepagetest">
        <test-method status="PASS" signature="setup()[pri:0, instance:Mytests.Homepagetest@731f8236]" name="setup" is-config="true" duration-ms="18834" started-at="2022-08-29T11:39:42 IST" finished-at="2022-08-29T11:40:01 IST">
          <reporter-output>
          </reporter-output>
        </test-method> <!-- setup -->
        <test-method status="PASS" signature="contacttest()[pri:0, instance:Mytests.Homepagetest@731f8236]" name="contacttest" duration-ms="137" started-at="2022-08-29T11:40:01 IST" finished-at="2022-08-29T11:40:01 IST">
          <reporter-output>
          </reporter-output>
        </test-method> <!-- contacttest -->
        <test-method status="PASS" signature="headertest()[pri:0, instance:Mytests.Homepagetest@731f8236]" name="headertest" duration-ms="108" started-at="2022-08-29T11:40:01 IST" finished-at="2022-08-29T11:40:01 IST">
          <reporter-output>
          </reporter-output>
        </test-method> <!-- headertest -->
        <test-method status="PASS" signature="shutdown()[pri:0, instance:Mytests.Homepagetest@731f8236]" name="shutdown" is-config="true" duration-ms="1069" started-at="2022-08-29T11:40:01 IST" finished-at="2022-08-29T11:40:02 IST">
          <reporter-output>
          </reporter-output>
        </test-method> <!-- shutdown -->
      </class> <!-- Mytests.Homepagetest -->
    </test> <!-- Default test -->
  </suite> <!-- Default suite -->
</testng-results>
